Global RMG Settings:
<<<<<<< Updated upstream
   database.directory   = /home/slakman.b/Code/RMG-database/input (Default, relative to RMG-Py source code)
RMG execution initiated at Mon Aug  4 14:36:10 2014
=======
   database.directory   = /Users/belinda/Code/RMG-database/input (Default, relative to RMG-Py source code)
RMG execution initiated at Tue Aug  5 14:50:54 2014
>>>>>>> Stashed changes

###################################################
# RMG-Py - Reaction Mechanism Generator in Python #
# Version: Early 2013                             #
# Authors: RMG Developers (rmg_dev@mit.edu)       #
# P.I.s:   William H. Green (whgreen@mit.edu)     #
#          Richard H. West (r.west@neu.edu)       #
# Website: http://greengroup.github.com/RMG-Py/   #
###################################################

<<<<<<< Updated upstream
=======
The current git HEAD is:
	87239e9b06fef5aaa50fe38e8baa506e776ea7dd
	Mon Jul 28 16:17:10 2014 -0400
>>>>>>> Stashed changes

Reading input file "/home/slakman.b/Code/RMG-Py/examples/rmg/lipid-peroxidation/input.py"...

<<<<<<< Updated upstream
Loading thermodynamics library from primaryThermoLibrary.py in /home/slakman.b/Code/RMG-database/input/thermo/libraries...
Loading thermodynamics group database from /home/slakman.b/Code/RMG-database/input/thermo/groups...
Loading transport library from PrimaryTransportLibrary.py in /home/slakman.b/Code/RMG-database/input/transport/libraries...
Loading transport library from GRI-Mech.py in /home/slakman.b/Code/RMG-database/input/transport/libraries...
Loading transport group database from /home/slakman.b/Code/RMG-database/input/transport/groups...
Loading default kinetics families from /home/slakman.b/Code/RMG-database/input/kinetics/families
Loading frequencies group database from /home/slakman.b/Code/RMG-database/input/statmech/groups...
Loading Platts additivity group database from /home/slakman.b/Code/RMG-database/input/solvation/groups...
Adding rate rules from training set in kinetics families...
Filling in rate rules in kinetics families by averaging...
Loading previous restart file...
Saving current model core to HTML file...
Saving current model core to Chemkin file...
Chemkin file contains 56 reactions.
Saving current model to verbose Chemkin file...
Chemkin file contains 56 reactions.
Saving restart file...
Conducting simulation of reaction system 1...
At time 5.6442e-07 s, species CCC=CCC(O[O])C(CC)OOC(CC=CCC)C(O)CC(4665) exceeded the minimum rate for moving to model core
    Characteristic rate: 3.6723e+01 mol/m^3*s
    CCC=CCC(O[O])C(CC)OOC(CC=CCC)C(O)CC(4665) rate: 3.7143e-01 mol/m^3*s (0.01011)
At time 6.7197e-07 s, species CCC=CCC(O[O])C(CC)OOC(CC=CCC)C(O)CC(4665) exceeded the minimum rate for simulation interruption
    Characteristic rate: 4.4306e+00 mol/m^3*s
    CCC=CCC(O[O])C(CC)OOC(CC=CCC)C(O)CC(4665) rate: 4.4860e-01 mol/m^3*s (0.1013)


Adding species CCC=CCC(O[O])C(CC)OOC(CC=CCC)C(O)CC(4665) to model core
Warning: For <Molecule "CCC=CCC(O[O])C(CC)OOC(CC=CCC)C(O)CC">, a node Cs_H_out with overlapping children [<Entry index=248 label="Cs_H_out_noH">, <Entry index=264 label="Cs_H_out_OOH">] was encountered in tree with top level nodes [<Entry index=1 label="RnH">, <Entry index=2 label="Y_rad_out">, <Entry index=3 label="XH_out">]. Assuming the first match is the better one.
Warning: For <Molecule "[O]">, a node Y_1centerbirad with overlapping children [<Entry index=4 label="O_atom_triplet">, <Entry index=295 label="O_atom_singlet">] was encountered in tree with top level nodes [<Entry index=1 label="Y_rad_birad_trirad_quadrad">, <Entry index=234 label="XH_Rrad_birad">]. Assuming the first match is the better one.
Warning: For <Molecule "[O]">, a node Y_1centerbirad with overlapping children [<Entry index=4 label="O_atom_triplet">, <Entry index=295 label="O_atom_singlet">] was encountered in tree with top level nodes [<Entry index=1 label="Y_rad_birad_trirad_quadrad">, <Entry index=234 label="XH_Rrad_birad">]. Assuming the first match is the better one.
Warning: For <Molecule "[O]">, a node Y_1centerbirad with overlapping children [<Entry index=4 label="O_atom_triplet">, <Entry index=295 label="O_atom_singlet">] was encountered in tree with top level nodes [<Entry index=1 label="Y_rad_birad_trirad_quadrad">, <Entry index=234 label="XH_Rrad_birad">]. Assuming the first match is the better one.
Warning: For <Molecule "[O]">, a node Y_1centerbirad with overlapping children [<Entry index=4 label="O_atom_triplet">, <Entry index=295 label="O_atom_singlet">] was encountered in tree with top level nodes [<Entry index=1 label="Y_rad_birad_trirad_quadrad">, <Entry index=234 label="XH_Rrad_birad">]. Assuming the first match is the better one.
Warning: For <Molecule "[O]">, a node Y_1centerbirad with overlapping children [<Entry index=4 label="O_atom_triplet">, <Entry index=295 label="O_atom_singlet">] was encountered in tree with top level nodes [<Entry index=1 label="Y_rad_birad_trirad_quadrad">, <Entry index=234 label="XH_Rrad_birad">]. Assuming the first match is the better one.
Warning: For <Molecule "[O]">, a node Y_1centerbirad with overlapping children [<Entry index=4 label="O_atom_triplet">, <Entry index=295 label="O_atom_singlet">] was encountered in tree with top level nodes [<Entry index=1 label="Y_rad_birad_trirad_quadrad">, <Entry index=234 label="XH_Rrad_birad">]. Assuming the first match is the better one.
Warning: For <Molecule "[O]">, a node Y_1centerbirad with overlapping children [<Entry index=4 label="O_atom_triplet">, <Entry index=295 label="O_atom_singlet">] was encountered in tree with top level nodes [<Entry index=1 label="Y_rad_birad_trirad_quadrad">, <Entry index=234 label="XH_Rrad_birad">]. Assuming the first match is the better one.
Warning: For <Molecule "[O]">, a node Y_1centerbirad with overlapping children [<Entry index=4 label="O_atom_triplet">, <Entry index=295 label="O_atom_singlet">] was encountered in tree with top level nodes [<Entry index=1 label="Y_rad_birad_trirad_quadrad">, <Entry index=234 label="XH_Rrad_birad">]. Assuming the first match is the better one.
Warning: For <Molecule "[O]">, a node Y_1centerbirad with overlapping children [<Entry index=4 label="O_atom_triplet">, <Entry index=295 label="O_atom_singlet">] was encountered in tree with top level nodes [<Entry index=1 label="Y_rad_birad_trirad_quadrad">, <Entry index=234 label="XH_Rrad_birad">]. Assuming the first match is the better one.
Warning: For <Molecule "[O]">, a node Y_1centerbirad with overlapping children [<Entry index=4 label="O_atom_triplet">, <Entry index=295 label="O_atom_singlet">] was encountered in tree with top level nodes [<Entry index=1 label="Y_rad_birad_trirad_quadrad">, <Entry index=234 label="XH_Rrad_birad">]. Assuming the first match is the better one.
Warning: For <Molecule "[O]">, a node Y_1centerbirad with overlapping children [<Entry index=4 label="O_atom_triplet">, <Entry index=295 label="O_atom_singlet">] was encountered in tree with top level nodes [<Entry index=1 label="Y_rad_birad_trirad_quadrad">, <Entry index=234 label="XH_Rrad_birad">]. Assuming the first match is the better one.
Warning: For <Molecule "[O]">, a node Y_1centerbirad with overlapping children [<Entry index=4 label="O_atom_triplet">, <Entry index=295 label="O_atom_singlet">] was encountered in tree with top level nodes [<Entry index=1 label="Y_rad_birad_trirad_quadrad">, <Entry index=234 label="XH_Rrad_birad">]. Assuming the first match is the better one.
Warning: For <Molecule "[O]">, a node Y_1centerbirad with overlapping children [<Entry index=4 label="O_atom_triplet">, <Entry index=295 label="O_atom_singlet">] was encountered in tree with top level nodes [<Entry index=1 label="Y_rad_birad_trirad_quadrad">, <Entry index=234 label="XH_Rrad_birad">]. Assuming the first match is the better one.
Warning: For <Molecule "[O]">, a node Y_1centerbirad with overlapping children [<Entry index=4 label="O_atom_triplet">, <Entry index=295 label="O_atom_singlet">] was encountered in tree with top level nodes [<Entry index=1 label="Y_rad_birad_trirad_quadrad">, <Entry index=234 label="XH_Rrad_birad">]. Assuming the first match is the better one.
Warning: For <Molecule "[O]">, a node Y_1centerbirad with overlapping children [<Entry index=4 label="O_atom_triplet">, <Entry index=295 label="O_atom_singlet">] was encountered in tree with top level nodes [<Entry index=1 label="Y_rad_birad_trirad_quadrad">, <Entry index=234 label="XH_Rrad_birad">]. Assuming the first match is the better one.
Warning: For <Molecule "[O]">, a node Y_1centerbirad with overlapping children [<Entry index=4 label="O_atom_triplet">, <Entry index=295 label="O_atom_singlet">] was encountered in tree with top level nodes [<Entry index=1 label="Y_rad_birad_trirad_quadrad">, <Entry index=234 label="XH_Rrad_birad">]. Assuming the first match is the better one.
Warning: For <Molecule "[O]">, a node Y_1centerbirad with overlapping children [<Entry index=4 label="O_atom_triplet">, <Entry index=295 label="O_atom_singlet">] was encountered in tree with top level nodes [<Entry index=1 label="Y_rad_birad_trirad_quadrad">, <Entry index=234 label="XH_Rrad_birad">]. Assuming the first match is the better one.
Warning: For <Molecule "[O]">, a node Y_1centerbirad with overlapping children [<Entry index=4 label="O_atom_triplet">, <Entry index=295 label="O_atom_singlet">] was encountered in tree with top level nodes [<Entry index=1 label="Y_rad_birad_trirad_quadrad">, <Entry index=234 label="XH_Rrad_birad">]. Assuming the first match is the better one.
Warning: For <Molecule "[O]">, a node Y_1centerbirad with overlapping children [<Entry index=4 label="O_atom_triplet">, <Entry index=295 label="O_atom_singlet">] was encountered in tree with top level nodes [<Entry index=1 label="Y_rad_birad_trirad_quadrad">, <Entry index=234 label="XH_Rrad_birad">]. Assuming the first match is the better one.
Warning: For <Molecule "[O]">, a node Y_1centerbirad with overlapping children [<Entry index=4 label="O_atom_triplet">, <Entry index=295 label="O_atom_singlet">] was encountered in tree with top level nodes [<Entry index=1 label="Y_rad_birad_trirad_quadrad">, <Entry index=234 label="XH_Rrad_birad">]. Assuming the first match is the better one.
Warning: For <Molecule "[O]">, a node Y_1centerbirad with overlapping children [<Entry index=4 label="O_atom_triplet">, <Entry index=295 label="O_atom_singlet">] was encountered in tree with top level nodes [<Entry index=1 label="Y_rad_birad_trirad_quadrad">, <Entry index=234 label="XH_Rrad_birad">]. Assuming the first match is the better one.
Warning: For <Molecule "[O]">, a node Y_1centerbirad with overlapping children [<Entry index=4 label="O_atom_triplet">, <Entry index=295 label="O_atom_singlet">] was encountered in tree with top level nodes [<Entry index=1 label="Y_rad_birad_trirad_quadrad">, <Entry index=234 label="XH_Rrad_birad">]. Assuming the first match is the better one.
Warning: For <Molecule "[O]">, a node Y_1centerbirad with overlapping children [<Entry index=4 label="O_atom_triplet">, <Entry index=295 label="O_atom_singlet">] was encountered in tree with top level nodes [<Entry index=1 label="Y_rad_birad_trirad_quadrad">, <Entry index=234 label="XH_Rrad_birad">]. Assuming the first match is the better one.
Warning: For <Molecule "[O]">, a node Y_1centerbirad with overlapping children [<Entry index=4 label="O_atom_triplet">, <Entry index=295 label="O_atom_singlet">] was encountered in tree with top level nodes [<Entry index=1 label="Y_rad_birad_trirad_quadrad">, <Entry index=234 label="XH_Rrad_birad">]. Assuming the first match is the better one.
Warning: For <Molecule "[O]">, a node Y_1centerbirad with overlapping children [<Entry index=4 label="O_atom_triplet">, <Entry index=295 label="O_atom_singlet">] was encountered in tree with top level nodes [<Entry index=1 label="Y_rad_birad_trirad_quadrad">, <Entry index=234 label="XH_Rrad_birad">]. Assuming the first match is the better one.
Warning: For <Molecule "[O]">, a node Y_1centerbirad with overlapping children [<Entry index=4 label="O_atom_triplet">, <Entry index=295 label="O_atom_singlet">] was encountered in tree with top level nodes [<Entry index=1 label="Y_rad_birad_trirad_quadrad">, <Entry index=234 label="XH_Rrad_birad">]. Assuming the first match is the better one.
Warning: For <Molecule "[O]">, a node Y_1centerbirad with overlapping children [<Entry index=4 label="O_atom_triplet">, <Entry index=295 label="O_atom_singlet">] was encountered in tree with top level nodes [<Entry index=1 label="Y_rad_birad_trirad_quadrad">, <Entry index=234 label="XH_Rrad_birad">]. Assuming the first match is the better one.
Warning: For <Molecule "[O]">, a node Y_1centerbirad with overlapping children [<Entry index=4 label="O_atom_triplet">, <Entry index=295 label="O_atom_singlet">] was encountered in tree with top level nodes [<Entry index=1 label="Y_rad_birad_trirad_quadrad">, <Entry index=234 label="XH_Rrad_birad">]. Assuming the first match is the better one.
Warning: For <Molecule "[O]">, a node Y_1centerbirad with overlapping children [<Entry index=4 label="O_atom_triplet">, <Entry index=295 label="O_atom_singlet">] was encountered in tree with top level nodes [<Entry index=1 label="Y_rad_birad_trirad_quadrad">, <Entry index=234 label="XH_Rrad_birad">]. Assuming the first match is the better one.
Warning: For <Molecule "[O]">, a node Y_1centerbirad with overlapping children [<Entry index=4 label="O_atom_triplet">, <Entry index=295 label="O_atom_singlet">] was encountered in tree with top level nodes [<Entry index=1 label="Y_rad_birad_trirad_quadrad">, <Entry index=234 label="XH_Rrad_birad">]. Assuming the first match is the better one.
Warning: For <Molecule "[O]">, a node Y_1centerbirad with overlapping children [<Entry index=4 label="O_atom_triplet">, <Entry index=295 label="O_atom_singlet">] was encountered in tree with top level nodes [<Entry index=1 label="Y_rad_birad_trirad_quadrad">, <Entry index=234 label="XH_Rrad_birad">]. Assuming the first match is the better one.
Warning: For <Molecule "[O]">, a node Y_1centerbirad with overlapping children [<Entry index=4 label="O_atom_triplet">, <Entry index=295 label="O_atom_singlet">] was encountered in tree with top level nodes [<Entry index=1 label="Y_rad_birad_trirad_quadrad">, <Entry index=234 label="XH_Rrad_birad">]. Assuming the first match is the better one.
Warning: For <Molecule "CCC=CCC(O[O])C(CC)OOC(CC=CCC)C(O)CC">, a node C/H2/NonDeC with overlapping children [<Entry index=85 label="C/H2/Cs/Cs\O">, <Entry index=86 label="C/H2/Cs/Cs\Cs|O">] was encountered in tree with top level nodes [<Entry index=1 label="X_H_or_Xrad_H_Xbirad_H_Xtrirad_H">, <Entry index=2 label="Y_rad_birad_trirad_quadrad">]. Assuming the first match is the better one.
Warning: For <Molecule "CCC=CCC(O[O])C(CC)OOC(CC=CCC)C(O)CC">, a node C/H2/NonDeC with overlapping children [<Entry index=85 label="C/H2/Cs/Cs\O">, <Entry index=86 label="C/H2/Cs/Cs\Cs|O">] was encountered in tree with top level nodes [<Entry index=1 label="X_H_or_Xrad_H_Xbirad_H_Xtrirad_H">, <Entry index=2 label="Y_rad_birad_trirad_quadrad">]. Assuming the first match is the better one.
Warning: For <Molecule "CCC=CCC(O[O])C(CC)OOC(CC=CCC)C(O)CC">, a node C/H2/NonDeC with overlapping children [<Entry index=85 label="C/H2/Cs/Cs\O">, <Entry index=86 label="C/H2/Cs/Cs\Cs|O">] was encountered in tree with top level nodes [<Entry index=1 label="X_H_or_Xrad_H_Xbirad_H_Xtrirad_H">, <Entry index=2 label="Y_rad_birad_trirad_quadrad">]. Assuming the first match is the better one.
Warning: For <Molecule "CCC=CCC(O[O])C(CC)OOC(CC=CCC)C(O)CC">, a node C/H2/NonDeC with overlapping children [<Entry index=85 label="C/H2/Cs/Cs\O">, <Entry index=86 label="C/H2/Cs/Cs\Cs|O">] was encountered in tree with top level nodes [<Entry index=1 label="X_H_or_Xrad_H_Xbirad_H_Xtrirad_H">, <Entry index=2 label="Y_rad_birad_trirad_quadrad">]. Assuming the first match is the better one.
Warning: For <Molecule "[CH2]CC(O)C(CC=CCC)OOC(CC)C(CC=CCC)O[O]">, a node C_rad/H2/Cs with overlapping children [<Entry index=268 label="C_rad/H2/Cs\H2\Cs|Cs|O">, <Entry index=269 label="C_rad/H2/Cs\H2\Cs|Cs#O">] was encountered in tree with top level nodes [<Entry index=1 label="X_H_or_Xrad_H_Xbirad_H_Xtrirad_H">, <Entry index=2 label="Y_rad_birad_trirad_quadrad">]. Assuming the first match is the better one.
Warning: For <Molecule "[CH2]CC(O)C(CC=CCC)OOC(CC)C(CC=CCC)O[O]">, a node C_rad/H2/Cs with overlapping children [<Entry index=268 label="C_rad/H2/Cs\H2\Cs|Cs|O">, <Entry index=269 label="C_rad/H2/Cs\H2\Cs|Cs#O">] was encountered in tree with top level nodes [<Entry index=1 label="X_H_or_Xrad_H_Xbirad_H_Xtrirad_H">, <Entry index=2 label="Y_rad_birad_trirad_quadrad">]. Assuming the first match is the better one.
Warning: For <Molecule "[CH2]CC(OOC(CC=CCC)C(O)CC)C(CC=CCC)O[O]">, a node C_rad/H2/Cs with overlapping children [<Entry index=268 label="C_rad/H2/Cs\H2\Cs|Cs|O">, <Entry index=269 label="C_rad/H2/Cs\H2\Cs|Cs#O">] was encountered in tree with top level nodes [<Entry index=1 label="X_H_or_Xrad_H_Xbirad_H_Xtrirad_H">, <Entry index=2 label="Y_rad_birad_trirad_quadrad">]. Assuming the first match is the better one.
Warning: For <Molecule "[CH2]CC(OOC(CC=CCC)C(O)CC)C(CC=CCC)O[O]">, a node C_rad/H2/Cs with overlapping children [<Entry index=268 label="C_rad/H2/Cs\H2\Cs|Cs|O">, <Entry index=269 label="C_rad/H2/Cs\H2\Cs|Cs#O">] was encountered in tree with top level nodes [<Entry index=1 label="X_H_or_Xrad_H_Xbirad_H_Xtrirad_H">, <Entry index=2 label="Y_rad_birad_trirad_quadrad">]. Assuming the first match is the better one.
Warning: For <Molecule "[O]">, a node Y_1centerbirad with overlapping children [<Entry index=189 label="O_atom_triplet">, <Entry index=488 label="O_atom_singlet">] was encountered in tree with top level nodes [<Entry index=1 label="X_H_or_Xrad_H_Xbirad_H_Xtrirad_H">, <Entry index=2 label="Y_rad_birad_trirad_quadrad">]. Assuming the first match is the better one.
Warning: For <Molecule "[O]">, a node Y_1centerbirad with overlapping children [<Entry index=189 label="O_atom_triplet">, <Entry index=488 label="O_atom_singlet">] was encountered in tree with top level nodes [<Entry index=1 label="X_H_or_Xrad_H_Xbirad_H_Xtrirad_H">, <Entry index=2 label="Y_rad_birad_trirad_quadrad">]. Assuming the first match is the better one.
Warning: For <Molecule "CCC=CCC(O[O])C(CC)OOC(CC=CCC)C(O)CC">, a node C/H2/NonDeC with overlapping children [<Entry index=85 label="C/H2/Cs/Cs\O">, <Entry index=86 label="C/H2/Cs/Cs\Cs|O">] was encountered in tree with top level nodes [<Entry index=1 label="X_H_or_Xrad_H_Xbirad_H_Xtrirad_H">, <Entry index=2 label="Y_rad_birad_trirad_quadrad">]. Assuming the first match is the better one.
Warning: For <Molecule "CCC=CCC(O[O])C(CC)OOC(CC=CCC)C(O)CC">, a node C/H2/NonDeC with overlapping children [<Entry index=85 label="C/H2/Cs/Cs\O">, <Entry index=86 label="C/H2/Cs/Cs\Cs|O">] was encountered in tree with top level nodes [<Entry index=1 label="X_H_or_Xrad_H_Xbirad_H_Xtrirad_H">, <Entry index=2 label="Y_rad_birad_trirad_quadrad">]. Assuming the first match is the better one.
Warning: For <Molecule "CCC=CCC(O[O])C(CC)OOC(CC=CCC)C(O)CC">, a node C/H2/NonDeC with overlapping children [<Entry index=85 label="C/H2/Cs/Cs\O">, <Entry index=86 label="C/H2/Cs/Cs\Cs|O">] was encountered in tree with top level nodes [<Entry index=1 label="X_H_or_Xrad_H_Xbirad_H_Xtrirad_H">, <Entry index=2 label="Y_rad_birad_trirad_quadrad">]. Assuming the first match is the better one.
Warning: For <Molecule "CCC=CCC(O[O])C(CC)OOC(CC=CCC)C(O)CC">, a node C/H2/NonDeC with overlapping children [<Entry index=85 label="C/H2/Cs/Cs\O">, <Entry index=86 label="C/H2/Cs/Cs\Cs|O">] was encountered in tree with top level nodes [<Entry index=1 label="X_H_or_Xrad_H_Xbirad_H_Xtrirad_H">, <Entry index=2 label="Y_rad_birad_trirad_quadrad">]. Assuming the first match is the better one.
Warning: For <Molecule "[CH2]CC(O)C(CC=CCC)OOC(CC)C(CC=CCC)O[O]">, a node C_rad/H2/Cs with overlapping children [<Entry index=268 label="C_rad/H2/Cs\H2\Cs|Cs|O">, <Entry index=269 label="C_rad/H2/Cs\H2\Cs|Cs#O">] was encountered in tree with top level nodes [<Entry index=1 label="X_H_or_Xrad_H_Xbirad_H_Xtrirad_H">, <Entry index=2 label="Y_rad_birad_trirad_quadrad">]. Assuming the first match is the better one.
Warning: For <Molecule "[CH2]CC(O)C(CC=CCC)OOC(CC)C(CC=CCC)O[O]">, a node C_rad/H2/Cs with overlapping children [<Entry index=268 label="C_rad/H2/Cs\H2\Cs|Cs|O">, <Entry index=269 label="C_rad/H2/Cs\H2\Cs|Cs#O">] was encountered in tree with top level nodes [<Entry index=1 label="X_H_or_Xrad_H_Xbirad_H_Xtrirad_H">, <Entry index=2 label="Y_rad_birad_trirad_quadrad">]. Assuming the first match is the better one.
Warning: For <Molecule "[CH2]CC(OOC(CC=CCC)C(O)CC)C(CC=CCC)O[O]">, a node C_rad/H2/Cs with overlapping children [<Entry index=268 label="C_rad/H2/Cs\H2\Cs|Cs|O">, <Entry index=269 label="C_rad/H2/Cs\H2\Cs|Cs#O">] was encountered in tree with top level nodes [<Entry index=1 label="X_H_or_Xrad_H_Xbirad_H_Xtrirad_H">, <Entry index=2 label="Y_rad_birad_trirad_quadrad">]. Assuming the first match is the better one.
Warning: For <Molecule "[CH2]CC(OOC(CC=CCC)C(O)CC)C(CC=CCC)O[O]">, a node C_rad/H2/Cs with overlapping children [<Entry index=268 label="C_rad/H2/Cs\H2\Cs|Cs|O">, <Entry index=269 label="C_rad/H2/Cs\H2\Cs|Cs#O">] was encountered in tree with top level nodes [<Entry index=1 label="X_H_or_Xrad_H_Xbirad_H_Xtrirad_H">, <Entry index=2 label="Y_rad_birad_trirad_quadrad">]. Assuming the first match is the better one.
Warning: For <Molecule "CCC=CCC(O[O])C(CC)OOC(CC=CCC)C(O)CC">, a node C/H2/NonDeC with overlapping children [<Entry index=85 label="C/H2/Cs/Cs\O">, <Entry index=86 label="C/H2/Cs/Cs\Cs|O">] was encountered in tree with top level nodes [<Entry index=1 label="X_H_or_Xrad_H_Xbirad_H_Xtrirad_H">, <Entry index=2 label="Y_rad_birad_trirad_quadrad">]. Assuming the first match is the better one.
Warning: For <Molecule "CCC=CCC(O[O])C(CC)OOC(CC=CCC)C(O)CC">, a node C/H2/NonDeC with overlapping children [<Entry index=85 label="C/H2/Cs/Cs\O">, <Entry index=86 label="C/H2/Cs/Cs\Cs|O">] was encountered in tree with top level nodes [<Entry index=1 label="X_H_or_Xrad_H_Xbirad_H_Xtrirad_H">, <Entry index=2 label="Y_rad_birad_trirad_quadrad">]. Assuming the first match is the better one.
Warning: For <Molecule "CCC=CCC(O[O])C(CC)OOC(CC=CCC)C(O)CC">, a node C/H2/NonDeC with overlapping children [<Entry index=85 label="C/H2/Cs/Cs\O">, <Entry index=86 label="C/H2/Cs/Cs\Cs|O">] was encountered in tree with top level nodes [<Entry index=1 label="X_H_or_Xrad_H_Xbirad_H_Xtrirad_H">, <Entry index=2 label="Y_rad_birad_trirad_quadrad">]. Assuming the first match is the better one.
Warning: For <Molecule "CCC=CCC(O[O])C(CC)OOC(CC=CCC)C(O)CC">, a node C/H2/NonDeC with overlapping children [<Entry index=85 label="C/H2/Cs/Cs\O">, <Entry index=86 label="C/H2/Cs/Cs\Cs|O">] was encountered in tree with top level nodes [<Entry index=1 label="X_H_or_Xrad_H_Xbirad_H_Xtrirad_H">, <Entry index=2 label="Y_rad_birad_trirad_quadrad">]. Assuming the first match is the better one.
Warning: For <Molecule "[CH2]CC(O)C(CC=CCC)OOC(CC)C(CC=CCC)O[O]">, a node C_rad/H2/Cs with overlapping children [<Entry index=268 label="C_rad/H2/Cs\H2\Cs|Cs|O">, <Entry index=269 label="C_rad/H2/Cs\H2\Cs|Cs#O">] was encountered in tree with top level nodes [<Entry index=1 label="X_H_or_Xrad_H_Xbirad_H_Xtrirad_H">, <Entry index=2 label="Y_rad_birad_trirad_quadrad">]. Assuming the first match is the better one.
Warning: For <Molecule "[CH2]CC(O)C(CC=CCC)OOC(CC)C(CC=CCC)O[O]">, a node C_rad/H2/Cs with overlapping children [<Entry index=268 label="C_rad/H2/Cs\H2\Cs|Cs|O">, <Entry index=269 label="C_rad/H2/Cs\H2\Cs|Cs#O">] was encountered in tree with top level nodes [<Entry index=1 label="X_H_or_Xrad_H_Xbirad_H_Xtrirad_H">, <Entry index=2 label="Y_rad_birad_trirad_quadrad">]. Assuming the first match is the better one.
Warning: For <Molecule "[CH2]CC(OOC(CC=CCC)C(O)CC)C(CC=CCC)O[O]">, a node C_rad/H2/Cs with overlapping children [<Entry index=268 label="C_rad/H2/Cs\H2\Cs|Cs|O">, <Entry index=269 label="C_rad/H2/Cs\H2\Cs|Cs#O">] was encountered in tree with top level nodes [<Entry index=1 label="X_H_or_Xrad_H_Xbirad_H_Xtrirad_H">, <Entry index=2 label="Y_rad_birad_trirad_quadrad">]. Assuming the first match is the better one.
Warning: For <Molecule "[CH2]CC(OOC(CC=CCC)C(O)CC)C(CC=CCC)O[O]">, a node C_rad/H2/Cs with overlapping children [<Entry index=268 label="C_rad/H2/Cs\H2\Cs|Cs|O">, <Entry index=269 label="C_rad/H2/Cs\H2\Cs|Cs#O">] was encountered in tree with top level nodes [<Entry index=1 label="X_H_or_Xrad_H_Xbirad_H_Xtrirad_H">, <Entry index=2 label="Y_rad_birad_trirad_quadrad">]. Assuming the first match is the better one.
Warning: For <Molecule "CCC=CCC(O[O])C(CC)OOC(CC=CCC)C(O)CC">, a node C/H2/NonDeC with overlapping children [<Entry index=85 label="C/H2/Cs/Cs\O">, <Entry index=86 label="C/H2/Cs/Cs\Cs|O">] was encountered in tree with top level nodes [<Entry index=1 label="X_H_or_Xrad_H_Xbirad_H_Xtrirad_H">, <Entry index=2 label="Y_rad_birad_trirad_quadrad">]. Assuming the first match is the better one.
Warning: For <Molecule "CCC=CCC(O[O])C(CC)OOC(CC=CCC)C(O)CC">, a node C/H2/NonDeC with overlapping children [<Entry index=85 label="C/H2/Cs/Cs\O">, <Entry index=86 label="C/H2/Cs/Cs\Cs|O">] was encountered in tree with top level nodes [<Entry index=1 label="X_H_or_Xrad_H_Xbirad_H_Xtrirad_H">, <Entry index=2 label="Y_rad_birad_trirad_quadrad">]. Assuming the first match is the better one.
Warning: For <Molecule "CCC=CCC(O[O])C(CC)OOC(CC=CCC)C(O)CC">, a node C/H2/NonDeC with overlapping children [<Entry index=85 label="C/H2/Cs/Cs\O">, <Entry index=86 label="C/H2/Cs/Cs\Cs|O">] was encountered in tree with top level nodes [<Entry index=1 label="X_H_or_Xrad_H_Xbirad_H_Xtrirad_H">, <Entry index=2 label="Y_rad_birad_trirad_quadrad">]. Assuming the first match is the better one.
Warning: For <Molecule "CCC=CCC(O[O])C(CC)OOC(CC=CCC)C(O)CC">, a node C/H2/NonDeC with overlapping children [<Entry index=85 label="C/H2/Cs/Cs\O">, <Entry index=86 label="C/H2/Cs/Cs\Cs|O">] was encountered in tree with top level nodes [<Entry index=1 label="X_H_or_Xrad_H_Xbirad_H_Xtrirad_H">, <Entry index=2 label="Y_rad_birad_trirad_quadrad">]. Assuming the first match is the better one.
Warning: For <Molecule "[CH2]CC(O)C(CC=CCC)OOC(CC)C(CC=CCC)O[O]">, a node C_rad/H2/Cs with overlapping children [<Entry index=268 label="C_rad/H2/Cs\H2\Cs|Cs|O">, <Entry index=269 label="C_rad/H2/Cs\H2\Cs|Cs#O">] was encountered in tree with top level nodes [<Entry index=1 label="X_H_or_Xrad_H_Xbirad_H_Xtrirad_H">, <Entry index=2 label="Y_rad_birad_trirad_quadrad">]. Assuming the first match is the better one.
Warning: For <Molecule "[CH2]CC(O)C(CC=CCC)OOC(CC)C(CC=CCC)O[O]">, a node C_rad/H2/Cs with overlapping children [<Entry index=268 label="C_rad/H2/Cs\H2\Cs|Cs|O">, <Entry index=269 label="C_rad/H2/Cs\H2\Cs|Cs#O">] was encountered in tree with top level nodes [<Entry index=1 label="X_H_or_Xrad_H_Xbirad_H_Xtrirad_H">, <Entry index=2 label="Y_rad_birad_trirad_quadrad">]. Assuming the first match is the better one.
Warning: For <Molecule "[CH2]CC(OOC(CC=CCC)C(O)CC)C(CC=CCC)O[O]">, a node C_rad/H2/Cs with overlapping children [<Entry index=268 label="C_rad/H2/Cs\H2\Cs|Cs|O">, <Entry index=269 label="C_rad/H2/Cs\H2\Cs|Cs#O">] was encountered in tree with top level nodes [<Entry index=1 label="X_H_or_Xrad_H_Xbirad_H_Xtrirad_H">, <Entry index=2 label="Y_rad_birad_trirad_quadrad">]. Assuming the first match is the better one.
Warning: For <Molecule "[CH2]CC(OOC(CC=CCC)C(O)CC)C(CC=CCC)O[O]">, a node C_rad/H2/Cs with overlapping children [<Entry index=268 label="C_rad/H2/Cs\H2\Cs|Cs|O">, <Entry index=269 label="C_rad/H2/Cs\H2\Cs|Cs#O">] was encountered in tree with top level nodes [<Entry index=1 label="X_H_or_Xrad_H_Xbirad_H_Xtrirad_H">, <Entry index=2 label="Y_rad_birad_trirad_quadrad">]. Assuming the first match is the better one.
Warning: For <Molecule "CCC=CCC(O[O])C(CC)OOC(CC=CCC)C(O)CC">, a node C/H2/NonDeC with overlapping children [<Entry index=85 label="C/H2/Cs/Cs\O">, <Entry index=86 label="C/H2/Cs/Cs\Cs|O">] was encountered in tree with top level nodes [<Entry index=1 label="X_H_or_Xrad_H_Xbirad_H_Xtrirad_H">, <Entry index=2 label="Y_rad_birad_trirad_quadrad">]. Assuming the first match is the better one.
Warning: For <Molecule "CCC=CCC(O[O])C(CC)OOC(CC=CCC)C(O)CC">, a node C/H2/NonDeC with overlapping children [<Entry index=85 label="C/H2/Cs/Cs\O">, <Entry index=86 label="C/H2/Cs/Cs\Cs|O">] was encountered in tree with top level nodes [<Entry index=1 label="X_H_or_Xrad_H_Xbirad_H_Xtrirad_H">, <Entry index=2 label="Y_rad_birad_trirad_quadrad">]. Assuming the first match is the better one.
Warning: For <Molecule "CCC=CCC(O[O])C(CC)OOC(CC=CCC)C(O)CC">, a node C/H2/NonDeC with overlapping children [<Entry index=85 label="C/H2/Cs/Cs\O">, <Entry index=86 label="C/H2/Cs/Cs\Cs|O">] was encountered in tree with top level nodes [<Entry index=1 label="X_H_or_Xrad_H_Xbirad_H_Xtrirad_H">, <Entry index=2 label="Y_rad_birad_trirad_quadrad">]. Assuming the first match is the better one.
Warning: For <Molecule "CCC=CCC(O[O])C(CC)OOC(CC=CCC)C(O)CC">, a node C/H2/NonDeC with overlapping children [<Entry index=85 label="C/H2/Cs/Cs\O">, <Entry index=86 label="C/H2/Cs/Cs\Cs|O">] was encountered in tree with top level nodes [<Entry index=1 label="X_H_or_Xrad_H_Xbirad_H_Xtrirad_H">, <Entry index=2 label="Y_rad_birad_trirad_quadrad">]. Assuming the first match is the better one.
Warning: For <Molecule "[CH2]CC(O)C(CC=CCC)OOC(CC)C(CC=CCC)O[O]">, a node C_rad/H2/Cs with overlapping children [<Entry index=268 label="C_rad/H2/Cs\H2\Cs|Cs|O">, <Entry index=269 label="C_rad/H2/Cs\H2\Cs|Cs#O">] was encountered in tree with top level nodes [<Entry index=1 label="X_H_or_Xrad_H_Xbirad_H_Xtrirad_H">, <Entry index=2 label="Y_rad_birad_trirad_quadrad">]. Assuming the first match is the better one.
Warning: For <Molecule "[CH2]CC(O)C(CC=CCC)OOC(CC)C(CC=CCC)O[O]">, a node C_rad/H2/Cs with overlapping children [<Entry index=268 label="C_rad/H2/Cs\H2\Cs|Cs|O">, <Entry index=269 label="C_rad/H2/Cs\H2\Cs|Cs#O">] was encountered in tree with top level nodes [<Entry index=1 label="X_H_or_Xrad_H_Xbirad_H_Xtrirad_H">, <Entry index=2 label="Y_rad_birad_trirad_quadrad">]. Assuming the first match is the better one.
Warning: For <Molecule "[CH2]CC(OOC(CC=CCC)C(O)CC)C(CC=CCC)O[O]">, a node C_rad/H2/Cs with overlapping children [<Entry index=268 label="C_rad/H2/Cs\H2\Cs|Cs|O">, <Entry index=269 label="C_rad/H2/Cs\H2\Cs|Cs#O">] was encountered in tree with top level nodes [<Entry index=1 label="X_H_or_Xrad_H_Xbirad_H_Xtrirad_H">, <Entry index=2 label="Y_rad_birad_trirad_quadrad">]. Assuming the first match is the better one.
Warning: For <Molecule "[CH2]CC(OOC(CC=CCC)C(O)CC)C(CC=CCC)O[O]">, a node C_rad/H2/Cs with overlapping children [<Entry index=268 label="C_rad/H2/Cs\H2\Cs|Cs|O">, <Entry index=269 label="C_rad/H2/Cs\H2\Cs|Cs#O">] was encountered in tree with top level nodes [<Entry index=1 label="X_H_or_Xrad_H_Xbirad_H_Xtrirad_H">, <Entry index=2 label="Y_rad_birad_trirad_quadrad">]. Assuming the first match is the better one.
Warning: For <Molecule "CCC=CCC(O[O])C(CC)OOC(CC=CCC)C(O)CC">, a node C/H2/NonDeC with overlapping children [<Entry index=85 label="C/H2/Cs/Cs\O">, <Entry index=86 label="C/H2/Cs/Cs\Cs|O">] was encountered in tree with top level nodes [<Entry index=1 label="X_H_or_Xrad_H_Xbirad_H_Xtrirad_H">, <Entry index=2 label="Y_rad_birad_trirad_quadrad">]. Assuming the first match is the better one.
Warning: For <Molecule "CCC=CCC(O[O])C(CC)OOC(CC=CCC)C(O)CC">, a node C/H2/NonDeC with overlapping children [<Entry index=85 label="C/H2/Cs/Cs\O">, <Entry index=86 label="C/H2/Cs/Cs\Cs|O">] was encountered in tree with top level nodes [<Entry index=1 label="X_H_or_Xrad_H_Xbirad_H_Xtrirad_H">, <Entry index=2 label="Y_rad_birad_trirad_quadrad">]. Assuming the first match is the better one.
Warning: For <Molecule "CCC=CCC(O[O])C(CC)OOC(CC=CCC)C(O)CC">, a node C/H2/NonDeC with overlapping children [<Entry index=85 label="C/H2/Cs/Cs\O">, <Entry index=86 label="C/H2/Cs/Cs\Cs|O">] was encountered in tree with top level nodes [<Entry index=1 label="X_H_or_Xrad_H_Xbirad_H_Xtrirad_H">, <Entry index=2 label="Y_rad_birad_trirad_quadrad">]. Assuming the first match is the better one.
Warning: For <Molecule "CCC=CCC(O[O])C(CC)OOC(CC=CCC)C(O)CC">, a node C/H2/NonDeC with overlapping children [<Entry index=85 label="C/H2/Cs/Cs\O">, <Entry index=86 label="C/H2/Cs/Cs\Cs|O">] was encountered in tree with top level nodes [<Entry index=1 label="X_H_or_Xrad_H_Xbirad_H_Xtrirad_H">, <Entry index=2 label="Y_rad_birad_trirad_quadrad">]. Assuming the first match is the better one.
Warning: For <Molecule "[CH2]CC(O)C(CC=CCC)OOC(CC)C(CC=CCC)O[O]">, a node C_rad/H2/Cs with overlapping children [<Entry index=268 label="C_rad/H2/Cs\H2\Cs|Cs|O">, <Entry index=269 label="C_rad/H2/Cs\H2\Cs|Cs#O">] was encountered in tree with top level nodes [<Entry index=1 label="X_H_or_Xrad_H_Xbirad_H_Xtrirad_H">, <Entry index=2 label="Y_rad_birad_trirad_quadrad">]. Assuming the first match is the better one.
Warning: For <Molecule "[CH2]CC(O)C(CC=CCC)OOC(CC)C(CC=CCC)O[O]">, a node C_rad/H2/Cs with overlapping children [<Entry index=268 label="C_rad/H2/Cs\H2\Cs|Cs|O">, <Entry index=269 label="C_rad/H2/Cs\H2\Cs|Cs#O">] was encountered in tree with top level nodes [<Entry index=1 label="X_H_or_Xrad_H_Xbirad_H_Xtrirad_H">, <Entry index=2 label="Y_rad_birad_trirad_quadrad">]. Assuming the first match is the better one.
Warning: For <Molecule "[CH2]CC(OOC(CC=CCC)C(O)CC)C(CC=CCC)O[O]">, a node C_rad/H2/Cs with overlapping children [<Entry index=268 label="C_rad/H2/Cs\H2\Cs|Cs|O">, <Entry index=269 label="C_rad/H2/Cs\H2\Cs|Cs#O">] was encountered in tree with top level nodes [<Entry index=1 label="X_H_or_Xrad_H_Xbirad_H_Xtrirad_H">, <Entry index=2 label="Y_rad_birad_trirad_quadrad">]. Assuming the first match is the better one.
Warning: For <Molecule "[CH2]CC(OOC(CC=CCC)C(O)CC)C(CC=CCC)O[O]">, a node C_rad/H2/Cs with overlapping children [<Entry index=268 label="C_rad/H2/Cs\H2\Cs|Cs|O">, <Entry index=269 label="C_rad/H2/Cs\H2\Cs|Cs#O">] was encountered in tree with top level nodes [<Entry index=1 label="X_H_or_Xrad_H_Xbirad_H_Xtrirad_H">, <Entry index=2 label="Y_rad_birad_trirad_quadrad">]. Assuming the first match is the better one.
Warning: For <Molecule "CCC=CCC(O[O])C(CC)OOC(CC=CCC)C(O)CC">, a node C/H2/NonDeC with overlapping children [<Entry index=85 label="C/H2/Cs/Cs\O">, <Entry index=86 label="C/H2/Cs/Cs\Cs|O">] was encountered in tree with top level nodes [<Entry index=1 label="X_H_or_Xrad_H_Xbirad_H_Xtrirad_H">, <Entry index=2 label="Y_rad_birad_trirad_quadrad">]. Assuming the first match is the better one.
Warning: For <Molecule "CCC=CCC(O[O])C(CC)OOC(CC=CCC)C(O)CC">, a node C/H2/NonDeC with overlapping children [<Entry index=85 label="C/H2/Cs/Cs\O">, <Entry index=86 label="C/H2/Cs/Cs\Cs|O">] was encountered in tree with top level nodes [<Entry index=1 label="X_H_or_Xrad_H_Xbirad_H_Xtrirad_H">, <Entry index=2 label="Y_rad_birad_trirad_quadrad">]. Assuming the first match is the better one.
Warning: For <Molecule "CCC=CCC(O[O])C(CC)OOC(CC=CCC)C(O)CC">, a node C/H2/NonDeC with overlapping children [<Entry index=85 label="C/H2/Cs/Cs\O">, <Entry index=86 label="C/H2/Cs/Cs\Cs|O">] was encountered in tree with top level nodes [<Entry index=1 label="X_H_or_Xrad_H_Xbirad_H_Xtrirad_H">, <Entry index=2 label="Y_rad_birad_trirad_quadrad">]. Assuming the first match is the better one.
Warning: For <Molecule "CCC=CCC(O[O])C(CC)OOC(CC=CCC)C(O)CC">, a node C/H2/NonDeC with overlapping children [<Entry index=85 label="C/H2/Cs/Cs\O">, <Entry index=86 label="C/H2/Cs/Cs\Cs|O">] was encountered in tree with top level nodes [<Entry index=1 label="X_H_or_Xrad_H_Xbirad_H_Xtrirad_H">, <Entry index=2 label="Y_rad_birad_trirad_quadrad">]. Assuming the first match is the better one.
Warning: For <Molecule "CCC=CCC(O[O])C(O)CC">, a node C/H2/NonDeC with overlapping children [<Entry index=85 label="C/H2/Cs/Cs\O">, <Entry index=86 label="C/H2/Cs/Cs\Cs|O">] was encountered in tree with top level nodes [<Entry index=1 label="X_H_or_Xrad_H_Xbirad_H_Xtrirad_H">, <Entry index=2 label="Y_rad_birad_trirad_quadrad">]. Assuming the first match is the better one.
Warning: For <Molecule "CCC=CCC(O[O])C(O)CC">, a node C/H2/NonDeC with overlapping children [<Entry index=85 label="C/H2/Cs/Cs\O">, <Entry index=86 label="C/H2/Cs/Cs\Cs|O">] was encountered in tree with top level nodes [<Entry index=1 label="X_H_or_Xrad_H_Xbirad_H_Xtrirad_H">, <Entry index=2 label="Y_rad_birad_trirad_quadrad">]. Assuming the first match is the better one.
Warning: For <Molecule "[CH2]CC(O)C(CC=CCC)OOC(CC)C(CC=CCC)O[O]">, a node C_rad/H2/Cs with overlapping children [<Entry index=268 label="C_rad/H2/Cs\H2\Cs|Cs|O">, <Entry index=269 label="C_rad/H2/Cs\H2\Cs|Cs#O">] was encountered in tree with top level nodes [<Entry index=1 label="X_H_or_Xrad_H_Xbirad_H_Xtrirad_H">, <Entry index=2 label="Y_rad_birad_trirad_quadrad">]. Assuming the first match is the better one.
Warning: For <Molecule "[CH2]CC(O)C(CC=CCC)OOC(CC)C(CC=CCC)O[O]">, a node C_rad/H2/Cs with overlapping children [<Entry index=268 label="C_rad/H2/Cs\H2\Cs|Cs|O">, <Entry index=269 label="C_rad/H2/Cs\H2\Cs|Cs#O">] was encountered in tree with top level nodes [<Entry index=1 label="X_H_or_Xrad_H_Xbirad_H_Xtrirad_H">, <Entry index=2 label="Y_rad_birad_trirad_quadrad">]. Assuming the first match is the better one.
Warning: For <Molecule "[CH2]CC(OOC(CC=CCC)C(O)CC)C(CC=CCC)O[O]">, a node C_rad/H2/Cs with overlapping children [<Entry index=268 label="C_rad/H2/Cs\H2\Cs|Cs|O">, <Entry index=269 label="C_rad/H2/Cs\H2\Cs|Cs#O">] was encountered in tree with top level nodes [<Entry index=1 label="X_H_or_Xrad_H_Xbirad_H_Xtrirad_H">, <Entry index=2 label="Y_rad_birad_trirad_quadrad">]. Assuming the first match is the better one.
Warning: For <Molecule "[CH2]CC(OOC(CC=CCC)C(O)CC)C(CC=CCC)O[O]">, a node C_rad/H2/Cs with overlapping children [<Entry index=268 label="C_rad/H2/Cs\H2\Cs|Cs|O">, <Entry index=269 label="C_rad/H2/Cs\H2\Cs|Cs#O">] was encountered in tree with top level nodes [<Entry index=1 label="X_H_or_Xrad_H_Xbirad_H_Xtrirad_H">, <Entry index=2 label="Y_rad_birad_trirad_quadrad">]. Assuming the first match is the better one.
Warning: For <Molecule "[CH2]CC(O)C(CC=CCC)O[O]">, a node C_rad/H2/Cs with overlapping children [<Entry index=268 label="C_rad/H2/Cs\H2\Cs|Cs|O">, <Entry index=269 label="C_rad/H2/Cs\H2\Cs|Cs#O">] was encountered in tree with top level nodes [<Entry index=1 label="X_H_or_Xrad_H_Xbirad_H_Xtrirad_H">, <Entry index=2 label="Y_rad_birad_trirad_quadrad">]. Assuming the first match is the better one.
Warning: For <Molecule "[CH2]CC(O)C(CC=CCC)O[O]">, a node C_rad/H2/Cs with overlapping children [<Entry index=268 label="C_rad/H2/Cs\H2\Cs|Cs|O">, <Entry index=269 label="C_rad/H2/Cs\H2\Cs|Cs#O">] was encountered in tree with top level nodes [<Entry index=1 label="X_H_or_Xrad_H_Xbirad_H_Xtrirad_H">, <Entry index=2 label="Y_rad_birad_trirad_quadrad">]. Assuming the first match is the better one.
Warning: For <Molecule "CCC=CCC(O[O])C(CC)OOC(CC=CCC)C(O)CC">, a node C/H2/NonDeC with overlapping children [<Entry index=85 label="C/H2/Cs/Cs\O">, <Entry index=86 label="C/H2/Cs/Cs\Cs|O">] was encountered in tree with top level nodes [<Entry index=1 label="X_H_or_Xrad_H_Xbirad_H_Xtrirad_H">, <Entry index=2 label="Y_rad_birad_trirad_quadrad">]. Assuming the first match is the better one.
Warning: For <Molecule "CCC=CCC(O[O])C(CC)OOC(CC=CCC)C(O)CC">, a node C/H2/NonDeC with overlapping children [<Entry index=85 label="C/H2/Cs/Cs\O">, <Entry index=86 label="C/H2/Cs/Cs\Cs|O">] was encountered in tree with top level nodes [<Entry index=1 label="X_H_or_Xrad_H_Xbirad_H_Xtrirad_H">, <Entry index=2 label="Y_rad_birad_trirad_quadrad">]. Assuming the first match is the better one.
Warning: For <Molecule "CCC=CCC(O[O])C(CC)OOC(CC=CCC)C(O)CC">, a node C/H2/NonDeC with overlapping children [<Entry index=85 label="C/H2/Cs/Cs\O">, <Entry index=86 label="C/H2/Cs/Cs\Cs|O">] was encountered in tree with top level nodes [<Entry index=1 label="X_H_or_Xrad_H_Xbirad_H_Xtrirad_H">, <Entry index=2 label="Y_rad_birad_trirad_quadrad">]. Assuming the first match is the better one.
Warning: For <Molecule "CCC=CCC(O[O])C(CC)OOC(CC=CCC)C(O)CC">, a node C/H2/NonDeC with overlapping children [<Entry index=85 label="C/H2/Cs/Cs\O">, <Entry index=86 label="C/H2/Cs/Cs\Cs|O">] was encountered in tree with top level nodes [<Entry index=1 label="X_H_or_Xrad_H_Xbirad_H_Xtrirad_H">, <Entry index=2 label="Y_rad_birad_trirad_quadrad">]. Assuming the first match is the better one.
Warning: For <Molecule "CCC=CCC(O)C(CC)O[O]">, a node C/H2/NonDeC with overlapping children [<Entry index=85 label="C/H2/Cs/Cs\O">, <Entry index=86 label="C/H2/Cs/Cs\Cs|O">] was encountered in tree with top level nodes [<Entry index=1 label="X_H_or_Xrad_H_Xbirad_H_Xtrirad_H">, <Entry index=2 label="Y_rad_birad_trirad_quadrad">]. Assuming the first match is the better one.
Warning: For <Molecule "CCC=CCC(O)C(CC)O[O]">, a node C/H2/NonDeC with overlapping children [<Entry index=85 label="C/H2/Cs/Cs\O">, <Entry index=86 label="C/H2/Cs/Cs\Cs|O">] was encountered in tree with top level nodes [<Entry index=1 label="X_H_or_Xrad_H_Xbirad_H_Xtrirad_H">, <Entry index=2 label="Y_rad_birad_trirad_quadrad">]. Assuming the first match is the better one.
Warning: For <Molecule "[CH2]CC(O)C(CC=CCC)OOC(CC)C(CC=CCC)O[O]">, a node C_rad/H2/Cs with overlapping children [<Entry index=268 label="C_rad/H2/Cs\H2\Cs|Cs|O">, <Entry index=269 label="C_rad/H2/Cs\H2\Cs|Cs#O">] was encountered in tree with top level nodes [<Entry index=1 label="X_H_or_Xrad_H_Xbirad_H_Xtrirad_H">, <Entry index=2 label="Y_rad_birad_trirad_quadrad">]. Assuming the first match is the better one.
Warning: For <Molecule "[CH2]CC(O)C(CC=CCC)OOC(CC)C(CC=CCC)O[O]">, a node C_rad/H2/Cs with overlapping children [<Entry index=268 label="C_rad/H2/Cs\H2\Cs|Cs|O">, <Entry index=269 label="C_rad/H2/Cs\H2\Cs|Cs#O">] was encountered in tree with top level nodes [<Entry index=1 label="X_H_or_Xrad_H_Xbirad_H_Xtrirad_H">, <Entry index=2 label="Y_rad_birad_trirad_quadrad">]. Assuming the first match is the better one.
Warning: For <Molecule "[CH2]CC(OOC(CC=CCC)C(O)CC)C(CC=CCC)O[O]">, a node C_rad/H2/Cs with overlapping children [<Entry index=268 label="C_rad/H2/Cs\H2\Cs|Cs|O">, <Entry index=269 label="C_rad/H2/Cs\H2\Cs|Cs#O">] was encountered in tree with top level nodes [<Entry index=1 label="X_H_or_Xrad_H_Xbirad_H_Xtrirad_H">, <Entry index=2 label="Y_rad_birad_trirad_quadrad">]. Assuming the first match is the better one.
Warning: For <Molecule "[CH2]CC(OOC(CC=CCC)C(O)CC)C(CC=CCC)O[O]">, a node C_rad/H2/Cs with overlapping children [<Entry index=268 label="C_rad/H2/Cs\H2\Cs|Cs|O">, <Entry index=269 label="C_rad/H2/Cs\H2\Cs|Cs#O">] was encountered in tree with top level nodes [<Entry index=1 label="X_H_or_Xrad_H_Xbirad_H_Xtrirad_H">, <Entry index=2 label="Y_rad_birad_trirad_quadrad">]. Assuming the first match is the better one.
Warning: For <Molecule "[CH2]CC(O[O])C(O)CC=CCC">, a node C_rad/H2/Cs with overlapping children [<Entry index=268 label="C_rad/H2/Cs\H2\Cs|Cs|O">, <Entry index=269 label="C_rad/H2/Cs\H2\Cs|Cs#O">] was encountered in tree with top level nodes [<Entry index=1 label="X_H_or_Xrad_H_Xbirad_H_Xtrirad_H">, <Entry index=2 label="Y_rad_birad_trirad_quadrad">]. Assuming the first match is the better one.
Warning: For <Molecule "[CH2]CC(O[O])C(O)CC=CCC">, a node C_rad/H2/Cs with overlapping children [<Entry index=268 label="C_rad/H2/Cs\H2\Cs|Cs|O">, <Entry index=269 label="C_rad/H2/Cs\H2\Cs|Cs#O">] was encountered in tree with top level nodes [<Entry index=1 label="X_H_or_Xrad_H_Xbirad_H_Xtrirad_H">, <Entry index=2 label="Y_rad_birad_trirad_quadrad">]. Assuming the first match is the better one.
Warning: For <Molecule "CCC=CCC(O[O])C(CC)OOC(CC=CCC)C(O)CC">, a node C/H2/NonDeC with overlapping children [<Entry index=85 label="C/H2/Cs/Cs\O">, <Entry index=86 label="C/H2/Cs/Cs\Cs|O">] was encountered in tree with top level nodes [<Entry index=1 label="X_H_or_Xrad_H_Xbirad_H_Xtrirad_H">, <Entry index=2 label="Y_rad_birad_trirad_quadrad">]. Assuming the first match is the better one.
Warning: For <Molecule "CCC=CCC(O[O])C(CC)OOC(CC=CCC)C(O)CC">, a node C/H2/NonDeC with overlapping children [<Entry index=85 label="C/H2/Cs/Cs\O">, <Entry index=86 label="C/H2/Cs/Cs\Cs|O">] was encountered in tree with top level nodes [<Entry index=1 label="X_H_or_Xrad_H_Xbirad_H_Xtrirad_H">, <Entry index=2 label="Y_rad_birad_trirad_quadrad">]. Assuming the first match is the better one.
Warning: For <Molecule "CCC=CCC(O[O])C(CC)OOC(CC=CCC)C(O)CC">, a node C/H2/NonDeC with overlapping children [<Entry index=85 label="C/H2/Cs/Cs\O">, <Entry index=86 label="C/H2/Cs/Cs\Cs|O">] was encountered in tree with top level nodes [<Entry index=1 label="X_H_or_Xrad_H_Xbirad_H_Xtrirad_H">, <Entry index=2 label="Y_rad_birad_trirad_quadrad">]. Assuming the first match is the better one.
Warning: For <Molecule "CCC=CCC(O[O])C(CC)OOC(CC=CCC)C(O)CC">, a node C/H2/NonDeC with overlapping children [<Entry index=85 label="C/H2/Cs/Cs\O">, <Entry index=86 label="C/H2/Cs/Cs\Cs|O">] was encountered in tree with top level nodes [<Entry index=1 label="X_H_or_Xrad_H_Xbirad_H_Xtrirad_H">, <Entry index=2 label="Y_rad_birad_trirad_quadrad">]. Assuming the first match is the better one.
Warning: For <Molecule "[CH2]CC(O)C(CC=CCC)OOC(CC)C(CC=CCC)O[O]">, a node C_rad/H2/Cs with overlapping children [<Entry index=268 label="C_rad/H2/Cs\H2\Cs|Cs|O">, <Entry index=269 label="C_rad/H2/Cs\H2\Cs|Cs#O">] was encountered in tree with top level nodes [<Entry index=1 label="X_H_or_Xrad_H_Xbirad_H_Xtrirad_H">, <Entry index=2 label="Y_rad_birad_trirad_quadrad">]. Assuming the first match is the better one.
Warning: For <Molecule "[CH2]CC(O)C(CC=CCC)OOC(CC)C(CC=CCC)O[O]">, a node C_rad/H2/Cs with overlapping children [<Entry index=268 label="C_rad/H2/Cs\H2\Cs|Cs|O">, <Entry index=269 label="C_rad/H2/Cs\H2\Cs|Cs#O">] was encountered in tree with top level nodes [<Entry index=1 label="X_H_or_Xrad_H_Xbirad_H_Xtrirad_H">, <Entry index=2 label="Y_rad_birad_trirad_quadrad">]. Assuming the first match is the better one.
Warning: For <Molecule "[CH2]CC(OOC(CC=CCC)C(O)CC)C(CC=CCC)O[O]">, a node C_rad/H2/Cs with overlapping children [<Entry index=268 label="C_rad/H2/Cs\H2\Cs|Cs|O">, <Entry index=269 label="C_rad/H2/Cs\H2\Cs|Cs#O">] was encountered in tree with top level nodes [<Entry index=1 label="X_H_or_Xrad_H_Xbirad_H_Xtrirad_H">, <Entry index=2 label="Y_rad_birad_trirad_quadrad">]. Assuming the first match is the better one.
Warning: For <Molecule "[CH2]CC(OOC(CC=CCC)C(O)CC)C(CC=CCC)O[O]">, a node C_rad/H2/Cs with overlapping children [<Entry index=268 label="C_rad/H2/Cs\H2\Cs|Cs|O">, <Entry index=269 label="C_rad/H2/Cs\H2\Cs|Cs#O">] was encountered in tree with top level nodes [<Entry index=1 label="X_H_or_Xrad_H_Xbirad_H_Xtrirad_H">, <Entry index=2 label="Y_rad_birad_trirad_quadrad">]. Assuming the first match is the better one.
Warning: For <Molecule "CCC=CCC(O[O])C(CC)OOC(CC=CCC)C(O)CC">, a node C/H2/NonDeC with overlapping children [<Entry index=85 label="C/H2/Cs/Cs\O">, <Entry index=86 label="C/H2/Cs/Cs\Cs|O">] was encountered in tree with top level nodes [<Entry index=1 label="X_H_or_Xrad_H_Xbirad_H_Xtrirad_H">, <Entry index=2 label="Y_rad_birad_trirad_quadrad">]. Assuming the first match is the better one.
Warning: For <Molecule "CCC=CCC(O[O])C(CC)OOC(CC=CCC)C(O)CC">, a node C/H2/NonDeC with overlapping children [<Entry index=85 label="C/H2/Cs/Cs\O">, <Entry index=86 label="C/H2/Cs/Cs\Cs|O">] was encountered in tree with top level nodes [<Entry index=1 label="X_H_or_Xrad_H_Xbirad_H_Xtrirad_H">, <Entry index=2 label="Y_rad_birad_trirad_quadrad">]. Assuming the first match is the better one.
Warning: For <Molecule "CCC=CCC(O[O])C(CC)OOC(CC=CCC)C(O)CC">, a node C/H2/NonDeC with overlapping children [<Entry index=85 label="C/H2/Cs/Cs\O">, <Entry index=86 label="C/H2/Cs/Cs\Cs|O">] was encountered in tree with top level nodes [<Entry index=1 label="X_H_or_Xrad_H_Xbirad_H_Xtrirad_H">, <Entry index=2 label="Y_rad_birad_trirad_quadrad">]. Assuming the first match is the better one.
Warning: For <Molecule "CCC=CCC(O[O])C(CC)OOC(CC=CCC)C(O)CC">, a node C/H2/NonDeC with overlapping children [<Entry index=85 label="C/H2/Cs/Cs\O">, <Entry index=86 label="C/H2/Cs/Cs\Cs|O">] was encountered in tree with top level nodes [<Entry index=1 label="X_H_or_Xrad_H_Xbirad_H_Xtrirad_H">, <Entry index=2 label="Y_rad_birad_trirad_quadrad">]. Assuming the first match is the better one.
Warning: For <Molecule "[CH2]CC(O)C(CC=CCC)OOC(CC)C(CC=CCC)O[O]">, a node C_rad/H2/Cs with overlapping children [<Entry index=268 label="C_rad/H2/Cs\H2\Cs|Cs|O">, <Entry index=269 label="C_rad/H2/Cs\H2\Cs|Cs#O">] was encountered in tree with top level nodes [<Entry index=1 label="X_H_or_Xrad_H_Xbirad_H_Xtrirad_H">, <Entry index=2 label="Y_rad_birad_trirad_quadrad">]. Assuming the first match is the better one.
Warning: For <Molecule "[CH2]CC(O)C(CC=CCC)OOC(CC)C(CC=CCC)O[O]">, a node C_rad/H2/Cs with overlapping children [<Entry index=268 label="C_rad/H2/Cs\H2\Cs|Cs|O">, <Entry index=269 label="C_rad/H2/Cs\H2\Cs|Cs#O">] was encountered in tree with top level nodes [<Entry index=1 label="X_H_or_Xrad_H_Xbirad_H_Xtrirad_H">, <Entry index=2 label="Y_rad_birad_trirad_quadrad">]. Assuming the first match is the better one.
Warning: For <Molecule "[CH2]CC(OOC(CC=CCC)C(O)CC)C(CC=CCC)O[O]">, a node C_rad/H2/Cs with overlapping children [<Entry index=268 label="C_rad/H2/Cs\H2\Cs|Cs|O">, <Entry index=269 label="C_rad/H2/Cs\H2\Cs|Cs#O">] was encountered in tree with top level nodes [<Entry index=1 label="X_H_or_Xrad_H_Xbirad_H_Xtrirad_H">, <Entry index=2 label="Y_rad_birad_trirad_quadrad">]. Assuming the first match is the better one.
Warning: For <Molecule "[CH2]CC(OOC(CC=CCC)C(O)CC)C(CC=CCC)O[O]">, a node C_rad/H2/Cs with overlapping children [<Entry index=268 label="C_rad/H2/Cs\H2\Cs|Cs|O">, <Entry index=269 label="C_rad/H2/Cs\H2\Cs|Cs#O">] was encountered in tree with top level nodes [<Entry index=1 label="X_H_or_Xrad_H_Xbirad_H_Xtrirad_H">, <Entry index=2 label="Y_rad_birad_trirad_quadrad">]. Assuming the first match is the better one.
Warning: For <Molecule "CCC=CCC(O[O])C(CC)OOC(CC=CCC)C(O)CC">, a node C/H2/NonDeC with overlapping children [<Entry index=85 label="C/H2/Cs/Cs\O">, <Entry index=86 label="C/H2/Cs/Cs\Cs|O">] was encountered in tree with top level nodes [<Entry index=1 label="X_H_or_Xrad_H_Xbirad_H_Xtrirad_H">, <Entry index=2 label="Y_rad_birad_trirad_quadrad">]. Assuming the first match is the better one.
Warning: For <Molecule "CCC=CCC(O[O])C(CC)OOC(CC=CCC)C(O)CC">, a node C/H2/NonDeC with overlapping children [<Entry index=85 label="C/H2/Cs/Cs\O">, <Entry index=86 label="C/H2/Cs/Cs\Cs|O">] was encountered in tree with top level nodes [<Entry index=1 label="X_H_or_Xrad_H_Xbirad_H_Xtrirad_H">, <Entry index=2 label="Y_rad_birad_trirad_quadrad">]. Assuming the first match is the better one.
Warning: For <Molecule "CCC=CCC(O[O])C(CC)OOC(CC=CCC)C(O)CC">, a node C/H2/NonDeC with overlapping children [<Entry index=85 label="C/H2/Cs/Cs\O">, <Entry index=86 label="C/H2/Cs/Cs\Cs|O">] was encountered in tree with top level nodes [<Entry index=1 label="X_H_or_Xrad_H_Xbirad_H_Xtrirad_H">, <Entry index=2 label="Y_rad_birad_trirad_quadrad">]. Assuming the first match is the better one.
Warning: For <Molecule "CCC=CCC(O[O])C(CC)OOC(CC=CCC)C(O)CC">, a node C/H2/NonDeC with overlapping children [<Entry index=85 label="C/H2/Cs/Cs\O">, <Entry index=86 label="C/H2/Cs/Cs\Cs|O">] was encountered in tree with top level nodes [<Entry index=1 label="X_H_or_Xrad_H_Xbirad_H_Xtrirad_H">, <Entry index=2 label="Y_rad_birad_trirad_quadrad">]. Assuming the first match is the better one.
Warning: For <Molecule "[CH2]CC(O)C(CC=CCC)OOC(CC)C(CC=CCC)O[O]">, a node C_rad/H2/Cs with overlapping children [<Entry index=268 label="C_rad/H2/Cs\H2\Cs|Cs|O">, <Entry index=269 label="C_rad/H2/Cs\H2\Cs|Cs#O">] was encountered in tree with top level nodes [<Entry index=1 label="X_H_or_Xrad_H_Xbirad_H_Xtrirad_H">, <Entry index=2 label="Y_rad_birad_trirad_quadrad">]. Assuming the first match is the better one.
Warning: For <Molecule "[CH2]CC(O)C(CC=CCC)OOC(CC)C(CC=CCC)O[O]">, a node C_rad/H2/Cs with overlapping children [<Entry index=268 label="C_rad/H2/Cs\H2\Cs|Cs|O">, <Entry index=269 label="C_rad/H2/Cs\H2\Cs|Cs#O">] was encountered in tree with top level nodes [<Entry index=1 label="X_H_or_Xrad_H_Xbirad_H_Xtrirad_H">, <Entry index=2 label="Y_rad_birad_trirad_quadrad">]. Assuming the first match is the better one.
Warning: For <Molecule "[CH2]CC(OOC(CC=CCC)C(O)CC)C(CC=CCC)O[O]">, a node C_rad/H2/Cs with overlapping children [<Entry index=268 label="C_rad/H2/Cs\H2\Cs|Cs|O">, <Entry index=269 label="C_rad/H2/Cs\H2\Cs|Cs#O">] was encountered in tree with top level nodes [<Entry index=1 label="X_H_or_Xrad_H_Xbirad_H_Xtrirad_H">, <Entry index=2 label="Y_rad_birad_trirad_quadrad">]. Assuming the first match is the better one.
Warning: For <Molecule "[CH2]CC(OOC(CC=CCC)C(O)CC)C(CC=CCC)O[O]">, a node C_rad/H2/Cs with overlapping children [<Entry index=268 label="C_rad/H2/Cs\H2\Cs|Cs|O">, <Entry index=269 label="C_rad/H2/Cs\H2\Cs|Cs#O">] was encountered in tree with top level nodes [<Entry index=1 label="X_H_or_Xrad_H_Xbirad_H_Xtrirad_H">, <Entry index=2 label="Y_rad_birad_trirad_quadrad">]. Assuming the first match is the better one.
Warning: For <Molecule "CCC=CCC(OO)C(O)CC">, a node C/H2/NonDeC with overlapping children [<Entry index=85 label="C/H2/Cs/Cs\O">, <Entry index=86 label="C/H2/Cs/Cs\Cs|O">] was encountered in tree with top level nodes [<Entry index=1 label="X_H_or_Xrad_H_Xbirad_H_Xtrirad_H">, <Entry index=2 label="Y_rad_birad_trirad_quadrad">]. Assuming the first match is the better one.
Warning: For <Molecule "[CH2]CC(O)C(CC=CCC)OO">, a node C_rad/H2/Cs with overlapping children [<Entry index=268 label="C_rad/H2/Cs\H2\Cs|Cs|O">, <Entry index=269 label="C_rad/H2/Cs\H2\Cs|Cs#O">] was encountered in tree with top level nodes [<Entry index=1 label="X_H_or_Xrad_H_Xbirad_H_Xtrirad_H">, <Entry index=2 label="Y_rad_birad_trirad_quadrad">]. Assuming the first match is the better one.
Warning: For <Molecule "CCC=CCC(O)C(CC)OO">, a node C/H2/NonDeC with overlapping children [<Entry index=85 label="C/H2/Cs/Cs\O">, <Entry index=86 label="C/H2/Cs/Cs\Cs|O">] was encountered in tree with top level nodes [<Entry index=1 label="X_H_or_Xrad_H_Xbirad_H_Xtrirad_H">, <Entry index=2 label="Y_rad_birad_trirad_quadrad">]. Assuming the first match is the better one.
Warning: For <Molecule "[CH2]CC(OO)C(O)CC=CCC">, a node C_rad/H2/Cs with overlapping children [<Entry index=268 label="C_rad/H2/Cs\H2\Cs|Cs|O">, <Entry index=269 label="C_rad/H2/Cs\H2\Cs|Cs#O">] was encountered in tree with top level nodes [<Entry index=1 label="X_H_or_Xrad_H_Xbirad_H_Xtrirad_H">, <Entry index=2 label="Y_rad_birad_trirad_quadrad">]. Assuming the first match is the better one.
Warning: For <Molecule "CCC=CCC(O)C(CC)OOC(CC=CCC)C(O)CC">, a node C/H2/NonDeC with overlapping children [<Entry index=85 label="C/H2/Cs/Cs\O">, <Entry index=86 label="C/H2/Cs/Cs\Cs|O">] was encountered in tree with top level nodes [<Entry index=1 label="X_H_or_Xrad_H_Xbirad_H_Xtrirad_H">, <Entry index=2 label="Y_rad_birad_trirad_quadrad">]. Assuming the first match is the better one.
Warning: For <Molecule "CCC=CCC(O)C(CC)OOC(CC=CCC)C(O)CC">, a node C/H2/NonDeC with overlapping children [<Entry index=85 label="C/H2/Cs/Cs\O">, <Entry index=86 label="C/H2/Cs/Cs\Cs|O">] was encountered in tree with top level nodes [<Entry index=1 label="X_H_or_Xrad_H_Xbirad_H_Xtrirad_H">, <Entry index=2 label="Y_rad_birad_trirad_quadrad">]. Assuming the first match is the better one.
Warning: For <Molecule "[CH2]CC(O)C(CC=CCC)OOC(CC)C(O)CC=CCC">, a node C_rad/H2/Cs with overlapping children [<Entry index=268 label="C_rad/H2/Cs\H2\Cs|Cs|O">, <Entry index=269 label="C_rad/H2/Cs\H2\Cs|Cs#O">] was encountered in tree with top level nodes [<Entry index=1 label="X_H_or_Xrad_H_Xbirad_H_Xtrirad_H">, <Entry index=2 label="Y_rad_birad_trirad_quadrad">]. Assuming the first match is the better one.
Warning: For <Molecule "[CH2]CC(OOC(CC=CCC)C(O)CC)C(O)CC=CCC">, a node C_rad/H2/Cs with overlapping children [<Entry index=268 label="C_rad/H2/Cs\H2\Cs|Cs|O">, <Entry index=269 label="C_rad/H2/Cs\H2\Cs|Cs#O">] was encountered in tree with top level nodes [<Entry index=1 label="X_H_or_Xrad_H_Xbirad_H_Xtrirad_H">, <Entry index=2 label="Y_rad_birad_trirad_quadrad">]. Assuming the first match is the better one.
=======
Loading thermodynamics library from primaryThermoLibrary.py in /Users/belinda/Code/RMG-database/input/thermo/libraries...
Error: Error while reading database '/Users/belinda/Code/RMG-database/input/thermo/libraries/primaryThermoLibrary.py'.
>>>>>>> Stashed changes
