Global RMG Settings:
   database.directory   = /Users/belinda/Code/RMG-database/input (Default, relative to RMG-Py source code)
RMG execution initiated at Wed Jun 18 16:51:37 2014

###################################################
# RMG-Py - Reaction Mechanism Generator in Python #
# Version: Early 2013                             #
# Authors: RMG Developers (rmg_dev@mit.edu)       #
# P.I.s:   William H. Green (whgreen@mit.edu)     #
#          Richard H. West (r.west@neu.edu)       #
# Website: http://greengroup.github.com/RMG-Py/   #
###################################################

The current git HEAD is:
	01d4854fdec936f83b4e6c8d0a4372242547997a
	Wed Jun 18 11:24:53 2014 -0400

Reading input file "/Users/belinda/Code/RMG-Py/examples/rmg/lipid-peroxidation/input.py"...

Loading thermodynamics library from primaryThermoLibrary.py in /Users/belinda/Code/RMG-database/input/thermo/libraries...
Loading thermodynamics group database from /Users/belinda/Code/RMG-database/input/thermo/groups...
Loading transport library from GRI-Mech.py in /Users/belinda/Code/RMG-database/input/transport/libraries...
Loading transport library from PrimaryTransportLibrary.py in /Users/belinda/Code/RMG-database/input/transport/libraries...
Loading transport group database from /Users/belinda/Code/RMG-database/input/transport/groups...
Loading the user-specified kinetics families from /Users/belinda/Code/RMG-database/input/kinetics/families
